# JRE version: Java(TM) SE Runtime Environment 18.9 (11.0.16.1+1) (build 11.0.16.1+1-LTS-1)
# Java VM: Java HotSpot(TM) 64-Bit Server VM 18.9 (11.0.16.1+1-LTS-1, mixed mode, tiered, compressed oops, g1 gc, windows-amd64)
Heap:
 garbage-first heap   total 262144K, used 212942K [0x00000000e0000000, 0x0000000100000000)
  region size 1024K, 54 young (55296K), 2 survivors (2048K)
 Metaspace       used 88729K, capacity 92347K, committed 95232K, reserved 337920K
  class space    used 11095K, capacity 12336K, committed 12800K, reserved 253952K
GC Heap History (10 events):
Event: 2094.784 GC heap before
{Heap before GC invocations=112 (full 0):
 garbage-first heap   total 262144K, used 165281K [0x00000000e0000000, 0x0000000100000000)
  region size 1024K, 11 young (11264K), 2 survivors (2048K)
 Metaspace       used 87530K, capacity 90861K, committed 95232K, reserved 337920K
  class space    used 10944K, capacity 12117K, committed 12800K, reserved 253952K
}
Event: 2094.802 GC heap after
{Heap after GC invocations=113 (full 0):
 garbage-first heap   total 262144K, used 157686K [0x00000000e0000000, 0x0000000100000000)
  region size 1024K, 4 young (4096K), 4 survivors (4096K)
 Metaspace       used 87530K, capacity 90861K, committed 95232K, reserved 337920K
  class space    used 10944K, capacity 12117K, committed 12800K, reserved 253952K
}
Event: 2344.039 GC heap before
{Heap before GC invocations=114 (full 0):
 garbage-first heap   total 262144K, used 205814K [0x00000000e0000000, 0x0000000100000000)
  region size 1024K, 51 young (52224K), 4 survivors (4096K)
 Metaspace       used 87687K, capacity 91110K, committed 95232K, reserved 337920K
  class space    used 10962K, capacity 12151K, committed 12800K, reserved 253952K
}
Event: 2344.137 GC heap after
{Heap after GC invocations=115 (full 0):
 garbage-first heap   total 262144K, used 161819K [0x00000000e0000000, 0x0000000100000000)
  region size 1024K, 7 young (7168K), 7 survivors (7168K)
 Metaspace       used 87687K, capacity 91110K, committed 95232K, reserved 337920K
  class space    used 10962K, capacity 12151K, committed 12800K, reserved 253952K
}
Event: 2345.112 GC heap before
{Heap before GC invocations=115 (full 0):
 garbage-first heap   total 262144K, used 208923K [0x00000000e0000000, 0x0000000100000000)
  region size 1024K, 54 young (55296K), 7 survivors (7168K)
 Metaspace       used 87691K, capacity 91110K, committed 95232K, reserved 337920K
  class space    used 10962K, capacity 12151K, committed 12800K, reserved 253952K
}
Event: 2345.175 GC heap after
{Heap after GC invocations=116 (full 0):
 garbage-first heap   total 262144K, used 160347K [0x00000000e0000000, 0x0000000100000000)
  region size 1024K, 3 young (3072K), 3 survivors (3072K)
 Metaspace       used 87691K, capacity 91110K, committed 95232K, reserved 337920K
  class space    used 10962K, capacity 12151K, committed 12800K, reserved 253952K
}
Event: 2347.461 GC heap before
{Heap before GC invocations=117 (full 0):
 garbage-first heap   total 262144K, used 213558K [0x00000000e0000000, 0x0000000100000000)
  region size 1024K, 53 young (54272K), 3 survivors (3072K)
 Metaspace       used 87693K, capacity 91101K, committed 95232K, reserved 337920K
  class space    used 10962K, capacity 12151K, committed 12800K, reserved 253952K
}
Event: 2347.470 GC heap after
{Heap after GC invocations=118 (full 0):
 garbage-first heap   total 262144K, used 162879K [0x00000000e0000000, 0x0000000100000000)
  region size 1024K, 5 young (5120K), 5 survivors (5120K)
 Metaspace       used 87693K, capacity 91101K, committed 95232K, reserved 337920K
  class space    used 10962K, capacity 12151K, committed 12800K, reserved 253952K
}
Event: 2347.585 GC heap before
{Heap before GC invocations=118 (full 0):
 garbage-first heap   total 262144K, used 170047K [0x00000000e0000000, 0x0000000100000000)
  region size 1024K, 12 young (12288K), 5 survivors (5120K)
 Metaspace       used 87693K, capacity 91101K, committed 95232K, reserved 337920K
  class space    used 10962K, capacity 12151K, committed 12800K, reserved 253952K
}
Event: 2347.636 GC heap after
{Heap after GC invocations=119 (full 0):
 garbage-first heap   total 262144K, used 161742K [0x00000000e0000000, 0x0000000100000000)
  region size 1024K, 2 young (2048K), 2 survivors (2048K)
 Metaspace       used 87693K, capacity 91101K, committed 95232K, reserved 337920K
  class space    used 10962K, capacity 12151K, committed 12800K, reserved 253952K
}

